17-Dec-2024 15:08:42.567 INFO [main] org.apache.catalina.startup.VersionLoggerListener.log Server version name:   Apache Tomcat/9.0.98
17-Dec-2024 15:08:42.570 INFO [main] org.apache.catalina.startup.VersionLoggerListener.log Server built:          Dec 5 2024 19:50:29 UTC
17-Dec-2024 15:08:42.571 INFO [main] org.apache.catalina.startup.VersionLoggerListener.log Server version number: 9.0.98.0
17-Dec-2024 15:08:42.571 INFO [main] org.apache.catalina.startup.VersionLoggerListener.log OS Name:               Windows 11
17-Dec-2024 15:08:42.571 INFO [main] org.apache.catalina.startup.VersionLoggerListener.log OS Version:            10.0
17-Dec-2024 15:08:42.571 INFO [main] org.apache.catalina.startup.VersionLoggerListener.log Architecture:          amd64
17-Dec-2024 15:08:42.571 INFO [main] org.apache.catalina.startup.VersionLoggerListener.log Java Home:             C:\Users\DELL\.jdks\corretto-1.8.0_422\jre
17-Dec-2024 15:08:42.571 INFO [main] org.apache.catalina.startup.VersionLoggerListener.log JVM Version:           1.8.0_422-b05
17-Dec-2024 15:08:42.572 INFO [main] org.apache.catalina.startup.VersionLoggerListener.log JVM Vendor:            Amazon.com Inc.
17-Dec-2024 15:08:42.572 INFO [main] org.apache.catalina.startup.VersionLoggerListener.log CATALINA_BASE:         E:\web\Fawry\Week3\ServletTask
17-Dec-2024 15:08:42.572 INFO [main] org.apache.catalina.startup.VersionLoggerListener.log CATALINA_HOME:         C:\Users\DELL\Desktop\apache-tomcat-9.0.98
17-Dec-2024 15:08:42.579 INFO [main] org.apache.catalina.startup.VersionLoggerListener.log Command line argument: -Dcatalina.home=C:\Users\DELL\Desktop\apache-tomcat-9.0.98
17-Dec-2024 15:08:42.579 INFO [main] org.apache.catalina.startup.VersionLoggerListener.log Command line argument: -Dcatalina.base=E:\web\Fawry\Week3\ServletTask
17-Dec-2024 15:08:42.579 INFO [main] org.apache.catalina.startup.VersionLoggerListener.log Command line argument: -Djava.io.tmpdir=E:\web\Fawry\Week3\ServletTask\temp
17-Dec-2024 15:08:42.579 INFO [main] org.apache.catalina.startup.VersionLoggerListener.log Command line argument: -Djava.util.logging.config.file=E:\web\Fawry\Week3\ServletTask\conf\logging.properties
17-Dec-2024 15:08:42.580 INFO [main] org.apache.catalina.startup.VersionLoggerListener.log Command line argument: -Djava.util.logging.manager=org.apache.juli.ClassLoaderLogManager
17-Dec-2024 15:08:42.580 INFO [main] org.apache.catalina.startup.VersionLoggerListener.log Command line argument: -javaagent:C:\Program Files\JetBrains\IntelliJ IDEA Community Edition 2023.3.7\lib\idea_rt.jar=60516:C:\Program Files\JetBrains\IntelliJ IDEA Community Edition 2023.3.7\bin
17-Dec-2024 15:08:42.580 INFO [main] org.apache.catalina.startup.VersionLoggerListener.log Command line argument: -Dfile.encoding=UTF-8
17-Dec-2024 15:08:42.893 INFO [main] org.apache.catalina.core.AprLifecycleListener.lifecycleEvent Loaded Apache Tomcat Native library [1.3.1] using APR version [1.7.4].
17-Dec-2024 15:08:42.893 INFO [main] org.apache.catalina.core.AprLifecycleListener.lifecycleEvent APR capabilities: IPv6 [true], sendfile [true], accept filters [false], random [true], UDS [true].
17-Dec-2024 15:08:42.894 INFO [main] org.apache.catalina.core.AprLifecycleListener.lifecycleEvent APR/OpenSSL configuration: useAprConnector [false], useOpenSSL [true]
17-Dec-2024 15:08:42.928 INFO [main] org.apache.catalina.core.AprLifecycleListener.initializeSSL OpenSSL successfully initialized [OpenSSL 3.0.14 4 Jun 2024]
17-Dec-2024 15:08:43.638 INFO [main] org.apache.coyote.AbstractProtocol.init Initializing ProtocolHandler ["http-nio-8080"]
17-Dec-2024 15:08:43.695 INFO [main] org.apache.catalina.startup.Catalina.load Server initialization in [1575] milliseconds
17-Dec-2024 15:08:43.778 INFO [main] org.apache.catalina.core.StandardService.startInternal Starting service [Catalina]
17-Dec-2024 15:08:43.778 INFO [main] org.apache.catalina.core.StandardEngine.startInternal Starting Servlet engine: [Apache Tomcat/9.0.98]
17-Dec-2024 15:08:43.793 INFO [main] org.apache.catalina.startup.HostConfig.deployDescriptor Deploying deployment descriptor [E:\web\Fawry\Week3\ServletTask\conf\Catalina\localhost\ROOT.xml]
17-Dec-2024 15:08:44.766 INFO [main] org.apache.jasper.servlet.TldScanner.scanJars At least one JAR was scanned for TLDs yet contained no TLDs. Enable debug logging for this logger for a complete list of JARs that were scanned but no TLDs were found in them. Skipping unneeded JARs during scanning can improve startup time and JSP compilation time.
17-Dec-2024 15:08:45.244 WARNING [main] org.apache.catalina.util.SessionIdGeneratorBase.createSecureRandom Creation of SecureRandom instance for session ID generation using [SHA1PRNG] took [390] milliseconds.
17-Dec-2024 15:08:45.265 INFO [main] org.apache.catalina.startup.HostConfig.deployDescriptor Deployment of deployment descriptor [E:\web\Fawry\Week3\ServletTask\conf\Catalina\localhost\ROOT.xml] has finished in [1,473] ms
17-Dec-2024 15:08:45.269 INFO [main] org.apache.coyote.AbstractProtocol.start Starting ProtocolHandler ["http-nio-8080"]
17-Dec-2024 15:08:45.298 INFO [main] org.apache.catalina.startup.Catalina.start Server startup in [1604] milliseconds
17-Dec-2024 15:10:58.901 INFO [Thread-2] org.apache.coyote.AbstractProtocol.pause Pausing ProtocolHandler ["http-nio-8080"]
17-Dec-2024 15:10:59.591 INFO [Thread-2] org.apache.catalina.core.StandardService.stopInternal Stopping service [Catalina]
17-Dec-2024 15:10:59.613 INFO [Thread-2] org.apache.coyote.AbstractProtocol.stop Stopping ProtocolHandler ["http-nio-8080"]
17-Dec-2024 15:10:59.638 INFO [Thread-2] org.apache.coyote.AbstractProtocol.destroy Destroying ProtocolHandler ["http-nio-8080"]
17-Dec-2024 15:22:05.680 INFO [main] org.apache.catalina.startup.VersionLoggerListener.log Server version name:   Apache Tomcat/9.0.98
17-Dec-2024 15:22:05.682 INFO [main] org.apache.catalina.startup.VersionLoggerListener.log Server built:          Dec 5 2024 19:50:29 UTC
17-Dec-2024 15:22:05.682 INFO [main] org.apache.catalina.startup.VersionLoggerListener.log Server version number: 9.0.98.0
17-Dec-2024 15:22:05.682 INFO [main] org.apache.catalina.startup.VersionLoggerListener.log OS Name:               Windows 11
17-Dec-2024 15:22:05.682 INFO [main] org.apache.catalina.startup.VersionLoggerListener.log OS Version:            10.0
17-Dec-2024 15:22:05.682 INFO [main] org.apache.catalina.startup.VersionLoggerListener.log Architecture:          amd64
17-Dec-2024 15:22:05.682 INFO [main] org.apache.catalina.startup.VersionLoggerListener.log Java Home:             C:\Users\DELL\.jdks\corretto-1.8.0_422\jre
17-Dec-2024 15:22:05.682 INFO [main] org.apache.catalina.startup.VersionLoggerListener.log JVM Version:           1.8.0_422-b05
17-Dec-2024 15:22:05.682 INFO [main] org.apache.catalina.startup.VersionLoggerListener.log JVM Vendor:            Amazon.com Inc.
17-Dec-2024 15:22:05.682 INFO [main] org.apache.catalina.startup.VersionLoggerListener.log CATALINA_BASE:         E:\web\Fawry\Week3\ServletTask
17-Dec-2024 15:22:05.682 INFO [main] org.apache.catalina.startup.VersionLoggerListener.log CATALINA_HOME:         C:\Users\DELL\Desktop\apache-tomcat-9.0.98
17-Dec-2024 15:22:05.683 INFO [main] org.apache.catalina.startup.VersionLoggerListener.log Command line argument: -Dcatalina.home=C:\Users\DELL\Desktop\apache-tomcat-9.0.98
17-Dec-2024 15:22:05.683 INFO [main] org.apache.catalina.startup.VersionLoggerListener.log Command line argument: -Dcatalina.base=E:\web\Fawry\Week3\ServletTask
17-Dec-2024 15:22:05.684 INFO [main] org.apache.catalina.startup.VersionLoggerListener.log Command line argument: -Djava.io.tmpdir=E:\web\Fawry\Week3\ServletTask\temp
17-Dec-2024 15:22:05.684 INFO [main] org.apache.catalina.startup.VersionLoggerListener.log Command line argument: -Djava.util.logging.config.file=E:\web\Fawry\Week3\ServletTask\conf\logging.properties
17-Dec-2024 15:22:05.684 INFO [main] org.apache.catalina.startup.VersionLoggerListener.log Command line argument: -Djava.util.logging.manager=org.apache.juli.ClassLoaderLogManager
17-Dec-2024 15:22:05.684 INFO [main] org.apache.catalina.startup.VersionLoggerListener.log Command line argument: -javaagent:C:\Program Files\JetBrains\IntelliJ IDEA Community Edition 2023.3.7\lib\idea_rt.jar=64232:C:\Program Files\JetBrains\IntelliJ IDEA Community Edition 2023.3.7\bin
17-Dec-2024 15:22:05.684 INFO [main] org.apache.catalina.startup.VersionLoggerListener.log Command line argument: -Dfile.encoding=UTF-8
17-Dec-2024 15:22:05.687 INFO [main] org.apache.catalina.core.AprLifecycleListener.lifecycleEvent Loaded Apache Tomcat Native library [1.3.1] using APR version [1.7.4].
17-Dec-2024 15:22:05.687 INFO [main] org.apache.catalina.core.AprLifecycleListener.lifecycleEvent APR capabilities: IPv6 [true], sendfile [true], accept filters [false], random [true], UDS [true].
17-Dec-2024 15:22:05.687 INFO [main] org.apache.catalina.core.AprLifecycleListener.lifecycleEvent APR/OpenSSL configuration: useAprConnector [false], useOpenSSL [true]
17-Dec-2024 15:22:05.693 INFO [main] org.apache.catalina.core.AprLifecycleListener.initializeSSL OpenSSL successfully initialized [OpenSSL 3.0.14 4 Jun 2024]
17-Dec-2024 15:22:05.985 INFO [main] org.apache.coyote.AbstractProtocol.init Initializing ProtocolHandler ["http-nio-8080"]
17-Dec-2024 15:22:06.004 INFO [main] org.apache.catalina.startup.Catalina.load Server initialization in [538] milliseconds
17-Dec-2024 15:22:06.038 INFO [main] org.apache.catalina.core.StandardService.startInternal Starting service [Catalina]
17-Dec-2024 15:22:06.038 INFO [main] org.apache.catalina.core.StandardEngine.startInternal Starting Servlet engine: [Apache Tomcat/9.0.98]
17-Dec-2024 15:22:06.046 INFO [main] org.apache.catalina.startup.HostConfig.deployDescriptor Deploying deployment descriptor [E:\web\Fawry\Week3\ServletTask\conf\Catalina\localhost\ROOT.xml]
17-Dec-2024 15:22:06.300 INFO [main] org.apache.jasper.servlet.TldScanner.scanJars At least one JAR was scanned for TLDs yet contained no TLDs. Enable debug logging for this logger for a complete list of JARs that were scanned but no TLDs were found in them. Skipping unneeded JARs during scanning can improve startup time and JSP compilation time.
17-Dec-2024 15:22:06.551 WARNING [main] org.apache.catalina.util.SessionIdGeneratorBase.createSecureRandom Creation of SecureRandom instance for session ID generation using [SHA1PRNG] took [231] milliseconds.
17-Dec-2024 15:22:06.566 INFO [main] org.apache.catalina.startup.HostConfig.deployDescriptor Deployment of deployment descriptor [E:\web\Fawry\Week3\ServletTask\conf\Catalina\localhost\ROOT.xml] has finished in [520] ms
17-Dec-2024 15:22:06.570 INFO [main] org.apache.coyote.AbstractProtocol.start Starting ProtocolHandler ["http-nio-8080"]
17-Dec-2024 15:22:06.585 INFO [main] org.apache.catalina.startup.Catalina.start Server startup in [580] milliseconds
17-Dec-2024 15:28:23.599 INFO [Thread-2] org.apache.coyote.AbstractProtocol.pause Pausing ProtocolHandler ["http-nio-8080"]
17-Dec-2024 15:28:24.029 INFO [Thread-2] org.apache.catalina.core.StandardService.stopInternal Stopping service [Catalina]
17-Dec-2024 15:28:24.035 INFO [Thread-2] org.apache.coyote.AbstractProtocol.stop Stopping ProtocolHandler ["http-nio-8080"]
17-Dec-2024 15:28:24.047 INFO [Thread-2] org.apache.coyote.AbstractProtocol.destroy Destroying ProtocolHandler ["http-nio-8080"]
17-Dec-2024 22:59:51.422 INFO [main] org.apache.catalina.startup.VersionLoggerListener.log Server version name:   Apache Tomcat/9.0.98
17-Dec-2024 22:59:51.424 INFO [main] org.apache.catalina.startup.VersionLoggerListener.log Server built:          Dec 5 2024 19:50:29 UTC
17-Dec-2024 22:59:51.424 INFO [main] org.apache.catalina.startup.VersionLoggerListener.log Server version number: 9.0.98.0
17-Dec-2024 22:59:51.424 INFO [main] org.apache.catalina.startup.VersionLoggerListener.log OS Name:               Windows 11
17-Dec-2024 22:59:51.424 INFO [main] org.apache.catalina.startup.VersionLoggerListener.log OS Version:            10.0
17-Dec-2024 22:59:51.424 INFO [main] org.apache.catalina.startup.VersionLoggerListener.log Architecture:          amd64
17-Dec-2024 22:59:51.424 INFO [main] org.apache.catalina.startup.VersionLoggerListener.log Java Home:             C:\Users\DELL\.jdks\corretto-1.8.0_422\jre
17-Dec-2024 22:59:51.425 INFO [main] org.apache.catalina.startup.VersionLoggerListener.log JVM Version:           1.8.0_422-b05
17-Dec-2024 22:59:51.425 INFO [main] org.apache.catalina.startup.VersionLoggerListener.log JVM Vendor:            Amazon.com Inc.
17-Dec-2024 22:59:51.425 INFO [main] org.apache.catalina.startup.VersionLoggerListener.log CATALINA_BASE:         E:\web\Fawry\Week3\ServletTask
17-Dec-2024 22:59:51.425 INFO [main] org.apache.catalina.startup.VersionLoggerListener.log CATALINA_HOME:         C:\Users\DELL\Desktop\apache-tomcat-9.0.98
17-Dec-2024 22:59:51.428 INFO [main] org.apache.catalina.startup.VersionLoggerListener.log Command line argument: -Dcatalina.home=C:\Users\DELL\Desktop\apache-tomcat-9.0.98
17-Dec-2024 22:59:51.428 INFO [main] org.apache.catalina.startup.VersionLoggerListener.log Command line argument: -Dcatalina.base=E:\web\Fawry\Week3\ServletTask
17-Dec-2024 22:59:51.428 INFO [main] org.apache.catalina.startup.VersionLoggerListener.log Command line argument: -Djava.io.tmpdir=E:\web\Fawry\Week3\ServletTask\temp
17-Dec-2024 22:59:51.428 INFO [main] org.apache.catalina.startup.VersionLoggerListener.log Command line argument: -Djava.util.logging.config.file=E:\web\Fawry\Week3\ServletTask\conf\logging.properties
17-Dec-2024 22:59:51.428 INFO [main] org.apache.catalina.startup.VersionLoggerListener.log Command line argument: -Djava.util.logging.manager=org.apache.juli.ClassLoaderLogManager
17-Dec-2024 22:59:51.428 INFO [main] org.apache.catalina.startup.VersionLoggerListener.log Command line argument: -javaagent:C:\Program Files\JetBrains\IntelliJ IDEA Community Edition 2023.3.7\lib\idea_rt.jar=52477:C:\Program Files\JetBrains\IntelliJ IDEA Community Edition 2023.3.7\bin
17-Dec-2024 22:59:51.428 INFO [main] org.apache.catalina.startup.VersionLoggerListener.log Command line argument: -Dfile.encoding=UTF-8
17-Dec-2024 22:59:51.565 INFO [main] org.apache.catalina.core.AprLifecycleListener.lifecycleEvent Loaded Apache Tomcat Native library [1.3.1] using APR version [1.7.4].
17-Dec-2024 22:59:51.565 INFO [main] org.apache.catalina.core.AprLifecycleListener.lifecycleEvent APR capabilities: IPv6 [true], sendfile [true], accept filters [false], random [true], UDS [true].
17-Dec-2024 22:59:51.565 INFO [main] org.apache.catalina.core.AprLifecycleListener.lifecycleEvent APR/OpenSSL configuration: useAprConnector [false], useOpenSSL [true]
17-Dec-2024 22:59:51.588 INFO [main] org.apache.catalina.core.AprLifecycleListener.initializeSSL OpenSSL successfully initialized [OpenSSL 3.0.14 4 Jun 2024]
17-Dec-2024 22:59:52.537 INFO [main] org.apache.coyote.AbstractProtocol.init Initializing ProtocolHandler ["http-nio-8080"]
17-Dec-2024 22:59:52.560 INFO [main] org.apache.catalina.startup.Catalina.load Server initialization in [1446] milliseconds
17-Dec-2024 22:59:52.597 INFO [main] org.apache.catalina.core.StandardService.startInternal Starting service [Catalina]
17-Dec-2024 22:59:52.598 INFO [main] org.apache.catalina.core.StandardEngine.startInternal Starting Servlet engine: [Apache Tomcat/9.0.98]
17-Dec-2024 22:59:52.606 INFO [main] org.apache.catalina.startup.HostConfig.deployDescriptor Deploying deployment descriptor [E:\web\Fawry\Week3\ServletTask\conf\Catalina\localhost\ROOT.xml]
17-Dec-2024 22:59:52.861 INFO [main] org.apache.jasper.servlet.TldScanner.scanJars At least one JAR was scanned for TLDs yet contained no TLDs. Enable debug logging for this logger for a complete list of JARs that were scanned but no TLDs were found in them. Skipping unneeded JARs during scanning can improve startup time and JSP compilation time.
17-Dec-2024 22:59:53.048 WARNING [main] org.apache.catalina.util.SessionIdGeneratorBase.createSecureRandom Creation of SecureRandom instance for session ID generation using [SHA1PRNG] took [166] milliseconds.
17-Dec-2024 22:59:53.063 INFO [main] org.apache.catalina.startup.HostConfig.deployDescriptor Deployment of deployment descriptor [E:\web\Fawry\Week3\ServletTask\conf\Catalina\localhost\ROOT.xml] has finished in [457] ms
17-Dec-2024 22:59:53.066 INFO [main] org.apache.coyote.AbstractProtocol.start Starting ProtocolHandler ["http-nio-8080"]
17-Dec-2024 22:59:53.082 INFO [main] org.apache.catalina.startup.Catalina.start Server startup in [521] milliseconds
17-Dec-2024 23:03:06.502 INFO [Thread-2] org.apache.coyote.AbstractProtocol.pause Pausing ProtocolHandler ["http-nio-8080"]
17-Dec-2024 23:03:06.734 INFO [Thread-2] org.apache.catalina.core.StandardService.stopInternal Stopping service [Catalina]
17-Dec-2024 23:03:06.739 INFO [Thread-2] org.apache.coyote.AbstractProtocol.stop Stopping ProtocolHandler ["http-nio-8080"]
17-Dec-2024 23:03:06.743 INFO [Thread-2] org.apache.coyote.AbstractProtocol.destroy Destroying ProtocolHandler ["http-nio-8080"]
17-Dec-2024 23:03:13.878 INFO [main] org.apache.catalina.startup.VersionLoggerListener.log Server version name:   Apache Tomcat/9.0.98
17-Dec-2024 23:03:13.880 INFO [main] org.apache.catalina.startup.VersionLoggerListener.log Server built:          Dec 5 2024 19:50:29 UTC
17-Dec-2024 23:03:13.880 INFO [main] org.apache.catalina.startup.VersionLoggerListener.log Server version number: 9.0.98.0
17-Dec-2024 23:03:13.880 INFO [main] org.apache.catalina.startup.VersionLoggerListener.log OS Name:               Windows 11
17-Dec-2024 23:03:13.880 INFO [main] org.apache.catalina.startup.VersionLoggerListener.log OS Version:            10.0
17-Dec-2024 23:03:13.880 INFO [main] org.apache.catalina.startup.VersionLoggerListener.log Architecture:          amd64
17-Dec-2024 23:03:13.880 INFO [main] org.apache.catalina.startup.VersionLoggerListener.log Java Home:             C:\Users\DELL\.jdks\corretto-1.8.0_422\jre
17-Dec-2024 23:03:13.880 INFO [main] org.apache.catalina.startup.VersionLoggerListener.log JVM Version:           1.8.0_422-b05
17-Dec-2024 23:03:13.880 INFO [main] org.apache.catalina.startup.VersionLoggerListener.log JVM Vendor:            Amazon.com Inc.
17-Dec-2024 23:03:13.880 INFO [main] org.apache.catalina.startup.VersionLoggerListener.log CATALINA_BASE:         E:\web\Fawry\Week3\ServletTask
17-Dec-2024 23:03:13.881 INFO [main] org.apache.catalina.startup.VersionLoggerListener.log CATALINA_HOME:         C:\Users\DELL\Desktop\apache-tomcat-9.0.98
17-Dec-2024 23:03:13.882 INFO [main] org.apache.catalina.startup.VersionLoggerListener.log Command line argument: -Dcatalina.home=C:\Users\DELL\Desktop\apache-tomcat-9.0.98
17-Dec-2024 23:03:13.882 INFO [main] org.apache.catalina.startup.VersionLoggerListener.log Command line argument: -Dcatalina.base=E:\web\Fawry\Week3\ServletTask
17-Dec-2024 23:03:13.882 INFO [main] org.apache.catalina.startup.VersionLoggerListener.log Command line argument: -Djava.io.tmpdir=E:\web\Fawry\Week3\ServletTask\temp
17-Dec-2024 23:03:13.882 INFO [main] org.apache.catalina.startup.VersionLoggerListener.log Command line argument: -Djava.util.logging.config.file=E:\web\Fawry\Week3\ServletTask\conf\logging.properties
17-Dec-2024 23:03:13.882 INFO [main] org.apache.catalina.startup.VersionLoggerListener.log Command line argument: -Djava.util.logging.manager=org.apache.juli.ClassLoaderLogManager
17-Dec-2024 23:03:13.883 INFO [main] org.apache.catalina.startup.VersionLoggerListener.log Command line argument: -javaagent:C:\Program Files\JetBrains\IntelliJ IDEA Community Edition 2023.3.7\lib\idea_rt.jar=52723:C:\Program Files\JetBrains\IntelliJ IDEA Community Edition 2023.3.7\bin
17-Dec-2024 23:03:13.883 INFO [main] org.apache.catalina.startup.VersionLoggerListener.log Command line argument: -Dfile.encoding=UTF-8
17-Dec-2024 23:03:13.885 INFO [main] org.apache.catalina.core.AprLifecycleListener.lifecycleEvent Loaded Apache Tomcat Native library [1.3.1] using APR version [1.7.4].
17-Dec-2024 23:03:13.885 INFO [main] org.apache.catalina.core.AprLifecycleListener.lifecycleEvent APR capabilities: IPv6 [true], sendfile [true], accept filters [false], random [true], UDS [true].
17-Dec-2024 23:03:13.885 INFO [main] org.apache.catalina.core.AprLifecycleListener.lifecycleEvent APR/OpenSSL configuration: useAprConnector [false], useOpenSSL [true]
17-Dec-2024 23:03:13.891 INFO [main] org.apache.catalina.core.AprLifecycleListener.initializeSSL OpenSSL successfully initialized [OpenSSL 3.0.14 4 Jun 2024]
17-Dec-2024 23:03:14.236 INFO [main] org.apache.coyote.AbstractProtocol.init Initializing ProtocolHandler ["http-nio-8080"]
17-Dec-2024 23:03:14.260 INFO [main] org.apache.catalina.startup.Catalina.load Server initialization in [592] milliseconds
17-Dec-2024 23:03:14.312 INFO [main] org.apache.catalina.core.StandardService.startInternal Starting service [Catalina]
17-Dec-2024 23:03:14.312 INFO [main] org.apache.catalina.core.StandardEngine.startInternal Starting Servlet engine: [Apache Tomcat/9.0.98]
17-Dec-2024 23:03:14.325 INFO [main] org.apache.catalina.startup.HostConfig.deployDescriptor Deploying deployment descriptor [E:\web\Fawry\Week3\ServletTask\conf\Catalina\localhost\ROOT.xml]
17-Dec-2024 23:03:14.627 INFO [main] org.apache.jasper.servlet.TldScanner.scanJars At least one JAR was scanned for TLDs yet contained no TLDs. Enable debug logging for this logger for a complete list of JARs that were scanned but no TLDs were found in them. Skipping unneeded JARs during scanning can improve startup time and JSP compilation time.
17-Dec-2024 23:03:14.854 WARNING [main] org.apache.catalina.util.SessionIdGeneratorBase.createSecureRandom Creation of SecureRandom instance for session ID generation using [SHA1PRNG] took [199] milliseconds.
17-Dec-2024 23:03:14.871 INFO [main] org.apache.catalina.startup.HostConfig.deployDescriptor Deployment of deployment descriptor [E:\web\Fawry\Week3\ServletTask\conf\Catalina\localhost\ROOT.xml] has finished in [546] ms
17-Dec-2024 23:03:14.875 INFO [main] org.apache.coyote.AbstractProtocol.start Starting ProtocolHandler ["http-nio-8080"]
17-Dec-2024 23:03:14.892 INFO [main] org.apache.catalina.startup.Catalina.start Server startup in [632] milliseconds
17-Dec-2024 23:49:28.476 INFO [Thread-2] org.apache.coyote.AbstractProtocol.pause Pausing ProtocolHandler ["http-nio-8080"]
17-Dec-2024 23:49:28.709 INFO [Thread-2] org.apache.catalina.core.StandardService.stopInternal Stopping service [Catalina]
17-Dec-2024 23:49:28.715 INFO [Thread-2] org.apache.coyote.AbstractProtocol.stop Stopping ProtocolHandler ["http-nio-8080"]
17-Dec-2024 23:49:28.718 INFO [Thread-2] org.apache.coyote.AbstractProtocol.destroy Destroying ProtocolHandler ["http-nio-8080"]
17-Dec-2024 23:49:35.841 INFO [main] org.apache.catalina.startup.VersionLoggerListener.log Server version name:   Apache Tomcat/9.0.98
17-Dec-2024 23:49:35.843 INFO [main] org.apache.catalina.startup.VersionLoggerListener.log Server built:          Dec 5 2024 19:50:29 UTC
17-Dec-2024 23:49:35.843 INFO [main] org.apache.catalina.startup.VersionLoggerListener.log Server version number: 9.0.98.0
17-Dec-2024 23:49:35.843 INFO [main] org.apache.catalina.startup.VersionLoggerListener.log OS Name:               Windows 11
17-Dec-2024 23:49:35.843 INFO [main] org.apache.catalina.startup.VersionLoggerListener.log OS Version:            10.0
17-Dec-2024 23:49:35.844 INFO [main] org.apache.catalina.startup.VersionLoggerListener.log Architecture:          amd64
17-Dec-2024 23:49:35.844 INFO [main] org.apache.catalina.startup.VersionLoggerListener.log Java Home:             C:\Users\DELL\.jdks\corretto-1.8.0_422\jre
17-Dec-2024 23:49:35.844 INFO [main] org.apache.catalina.startup.VersionLoggerListener.log JVM Version:           1.8.0_422-b05
17-Dec-2024 23:49:35.844 INFO [main] org.apache.catalina.startup.VersionLoggerListener.log JVM Vendor:            Amazon.com Inc.
17-Dec-2024 23:49:35.844 INFO [main] org.apache.catalina.startup.VersionLoggerListener.log CATALINA_BASE:         E:\web\Fawry\Week3\ServletTask
17-Dec-2024 23:49:35.844 INFO [main] org.apache.catalina.startup.VersionLoggerListener.log CATALINA_HOME:         C:\Users\DELL\Desktop\apache-tomcat-9.0.98
17-Dec-2024 23:49:35.845 INFO [main] org.apache.catalina.startup.VersionLoggerListener.log Command line argument: -Dcatalina.home=C:\Users\DELL\Desktop\apache-tomcat-9.0.98
17-Dec-2024 23:49:35.845 INFO [main] org.apache.catalina.startup.VersionLoggerListener.log Command line argument: -Dcatalina.base=E:\web\Fawry\Week3\ServletTask
17-Dec-2024 23:49:35.845 INFO [main] org.apache.catalina.startup.VersionLoggerListener.log Command line argument: -Djava.io.tmpdir=E:\web\Fawry\Week3\ServletTask\temp
17-Dec-2024 23:49:35.845 INFO [main] org.apache.catalina.startup.VersionLoggerListener.log Command line argument: -Djava.util.logging.config.file=E:\web\Fawry\Week3\ServletTask\conf\logging.properties
17-Dec-2024 23:49:35.845 INFO [main] org.apache.catalina.startup.VersionLoggerListener.log Command line argument: -Djava.util.logging.manager=org.apache.juli.ClassLoaderLogManager
17-Dec-2024 23:49:35.845 INFO [main] org.apache.catalina.startup.VersionLoggerListener.log Command line argument: -javaagent:C:\Program Files\JetBrains\IntelliJ IDEA Community Edition 2023.3.7\lib\idea_rt.jar=53108:C:\Program Files\JetBrains\IntelliJ IDEA Community Edition 2023.3.7\bin
17-Dec-2024 23:49:35.845 INFO [main] org.apache.catalina.startup.VersionLoggerListener.log Command line argument: -Dfile.encoding=UTF-8
17-Dec-2024 23:49:35.848 INFO [main] org.apache.catalina.core.AprLifecycleListener.lifecycleEvent Loaded Apache Tomcat Native library [1.3.1] using APR version [1.7.4].
17-Dec-2024 23:49:35.848 INFO [main] org.apache.catalina.core.AprLifecycleListener.lifecycleEvent APR capabilities: IPv6 [true], sendfile [true], accept filters [false], random [true], UDS [true].
17-Dec-2024 23:49:35.848 INFO [main] org.apache.catalina.core.AprLifecycleListener.lifecycleEvent APR/OpenSSL configuration: useAprConnector [false], useOpenSSL [true]
17-Dec-2024 23:49:35.854 INFO [main] org.apache.catalina.core.AprLifecycleListener.initializeSSL OpenSSL successfully initialized [OpenSSL 3.0.14 4 Jun 2024]
17-Dec-2024 23:49:36.161 INFO [main] org.apache.coyote.AbstractProtocol.init Initializing ProtocolHandler ["http-nio-8080"]
17-Dec-2024 23:49:36.183 INFO [main] org.apache.catalina.startup.Catalina.load Server initialization in [529] milliseconds
17-Dec-2024 23:49:36.218 INFO [main] org.apache.catalina.core.StandardService.startInternal Starting service [Catalina]
17-Dec-2024 23:49:36.219 INFO [main] org.apache.catalina.core.StandardEngine.startInternal Starting Servlet engine: [Apache Tomcat/9.0.98]
17-Dec-2024 23:49:36.226 INFO [main] org.apache.catalina.startup.HostConfig.deployDescriptor Deploying deployment descriptor [E:\web\Fawry\Week3\ServletTask\conf\Catalina\localhost\ROOT.xml]
17-Dec-2024 23:49:36.480 INFO [main] org.apache.jasper.servlet.TldScanner.scanJars At least one JAR was scanned for TLDs yet contained no TLDs. Enable debug logging for this logger for a complete list of JARs that were scanned but no TLDs were found in them. Skipping unneeded JARs during scanning can improve startup time and JSP compilation time.
17-Dec-2024 23:49:36.702 WARNING [main] org.apache.catalina.util.SessionIdGeneratorBase.createSecureRandom Creation of SecureRandom instance for session ID generation using [SHA1PRNG] took [193] milliseconds.
17-Dec-2024 23:49:36.714 INFO [main] org.apache.catalina.startup.HostConfig.deployDescriptor Deployment of deployment descriptor [E:\web\Fawry\Week3\ServletTask\conf\Catalina\localhost\ROOT.xml] has finished in [488] ms
17-Dec-2024 23:49:36.717 INFO [main] org.apache.coyote.AbstractProtocol.start Starting ProtocolHandler ["http-nio-8080"]
17-Dec-2024 23:49:36.730 INFO [main] org.apache.catalina.startup.Catalina.start Server startup in [547] milliseconds
17-Dec-2024 23:52:39.632 INFO [Thread-2] org.apache.coyote.AbstractProtocol.pause Pausing ProtocolHandler ["http-nio-8080"]
17-Dec-2024 23:52:39.871 INFO [Thread-2] org.apache.catalina.core.StandardService.stopInternal Stopping service [Catalina]
17-Dec-2024 23:52:39.878 INFO [Thread-2] org.apache.coyote.AbstractProtocol.stop Stopping ProtocolHandler ["http-nio-8080"]
17-Dec-2024 23:52:39.881 INFO [Thread-2] org.apache.coyote.AbstractProtocol.destroy Destroying ProtocolHandler ["http-nio-8080"]
17-Dec-2024 23:52:46.428 INFO [main] org.apache.catalina.startup.VersionLoggerListener.log Server version name:   Apache Tomcat/9.0.98
17-Dec-2024 23:52:46.429 INFO [main] org.apache.catalina.startup.VersionLoggerListener.log Server built:          Dec 5 2024 19:50:29 UTC
17-Dec-2024 23:52:46.430 INFO [main] org.apache.catalina.startup.VersionLoggerListener.log Server version number: 9.0.98.0
17-Dec-2024 23:52:46.430 INFO [main] org.apache.catalina.startup.VersionLoggerListener.log OS Name:               Windows 11
17-Dec-2024 23:52:46.430 INFO [main] org.apache.catalina.startup.VersionLoggerListener.log OS Version:            10.0
17-Dec-2024 23:52:46.430 INFO [main] org.apache.catalina.startup.VersionLoggerListener.log Architecture:          amd64
17-Dec-2024 23:52:46.430 INFO [main] org.apache.catalina.startup.VersionLoggerListener.log Java Home:             C:\Users\DELL\.jdks\corretto-1.8.0_422\jre
17-Dec-2024 23:52:46.430 INFO [main] org.apache.catalina.startup.VersionLoggerListener.log JVM Version:           1.8.0_422-b05
17-Dec-2024 23:52:46.430 INFO [main] org.apache.catalina.startup.VersionLoggerListener.log JVM Vendor:            Amazon.com Inc.
17-Dec-2024 23:52:46.430 INFO [main] org.apache.catalina.startup.VersionLoggerListener.log CATALINA_BASE:         E:\web\Fawry\Week3\ServletTask
17-Dec-2024 23:52:46.430 INFO [main] org.apache.catalina.startup.VersionLoggerListener.log CATALINA_HOME:         C:\Users\DELL\Desktop\apache-tomcat-9.0.98
17-Dec-2024 23:52:46.431 INFO [main] org.apache.catalina.startup.VersionLoggerListener.log Command line argument: -Dcatalina.home=C:\Users\DELL\Desktop\apache-tomcat-9.0.98
17-Dec-2024 23:52:46.431 INFO [main] org.apache.catalina.startup.VersionLoggerListener.log Command line argument: -Dcatalina.base=E:\web\Fawry\Week3\ServletTask
17-Dec-2024 23:52:46.431 INFO [main] org.apache.catalina.startup.VersionLoggerListener.log Command line argument: -Djava.io.tmpdir=E:\web\Fawry\Week3\ServletTask\temp
17-Dec-2024 23:52:46.431 INFO [main] org.apache.catalina.startup.VersionLoggerListener.log Command line argument: -Djava.util.logging.config.file=E:\web\Fawry\Week3\ServletTask\conf\logging.properties
17-Dec-2024 23:52:46.431 INFO [main] org.apache.catalina.startup.VersionLoggerListener.log Command line argument: -Djava.util.logging.manager=org.apache.juli.ClassLoaderLogManager
17-Dec-2024 23:52:46.431 INFO [main] org.apache.catalina.startup.VersionLoggerListener.log Command line argument: -javaagent:C:\Program Files\JetBrains\IntelliJ IDEA Community Edition 2023.3.7\lib\idea_rt.jar=53165:C:\Program Files\JetBrains\IntelliJ IDEA Community Edition 2023.3.7\bin
17-Dec-2024 23:52:46.432 INFO [main] org.apache.catalina.startup.VersionLoggerListener.log Command line argument: -Dfile.encoding=UTF-8
17-Dec-2024 23:52:46.434 INFO [main] org.apache.catalina.core.AprLifecycleListener.lifecycleEvent Loaded Apache Tomcat Native library [1.3.1] using APR version [1.7.4].
17-Dec-2024 23:52:46.434 INFO [main] org.apache.catalina.core.AprLifecycleListener.lifecycleEvent APR capabilities: IPv6 [true], sendfile [true], accept filters [false], random [true], UDS [true].
17-Dec-2024 23:52:46.434 INFO [main] org.apache.catalina.core.AprLifecycleListener.lifecycleEvent APR/OpenSSL configuration: useAprConnector [false], useOpenSSL [true]
17-Dec-2024 23:52:46.440 INFO [main] org.apache.catalina.core.AprLifecycleListener.initializeSSL OpenSSL successfully initialized [OpenSSL 3.0.14 4 Jun 2024]
17-Dec-2024 23:52:46.751 INFO [main] org.apache.coyote.AbstractProtocol.init Initializing ProtocolHandler ["http-nio-8080"]
17-Dec-2024 23:52:46.771 INFO [main] org.apache.catalina.startup.Catalina.load Server initialization in [533] milliseconds
17-Dec-2024 23:52:46.805 INFO [main] org.apache.catalina.core.StandardService.startInternal Starting service [Catalina]
17-Dec-2024 23:52:46.805 INFO [main] org.apache.catalina.core.StandardEngine.startInternal Starting Servlet engine: [Apache Tomcat/9.0.98]
17-Dec-2024 23:52:46.813 INFO [main] org.apache.catalina.startup.HostConfig.deployDescriptor Deploying deployment descriptor [E:\web\Fawry\Week3\ServletTask\conf\Catalina\localhost\ROOT.xml]
17-Dec-2024 23:52:47.072 INFO [main] org.apache.jasper.servlet.TldScanner.scanJars At least one JAR was scanned for TLDs yet contained no TLDs. Enable debug logging for this logger for a complete list of JARs that were scanned but no TLDs were found in them. Skipping unneeded JARs during scanning can improve startup time and JSP compilation time.
17-Dec-2024 23:52:47.279 WARNING [main] org.apache.catalina.util.SessionIdGeneratorBase.createSecureRandom Creation of SecureRandom instance for session ID generation using [SHA1PRNG] took [182] milliseconds.
17-Dec-2024 23:52:47.294 INFO [main] org.apache.catalina.startup.HostConfig.deployDescriptor Deployment of deployment descriptor [E:\web\Fawry\Week3\ServletTask\conf\Catalina\localhost\ROOT.xml] has finished in [481] ms
17-Dec-2024 23:52:47.297 INFO [main] org.apache.coyote.AbstractProtocol.start Starting ProtocolHandler ["http-nio-8080"]
17-Dec-2024 23:52:47.311 INFO [main] org.apache.catalina.startup.Catalina.start Server startup in [539] milliseconds
17-Dec-2024 23:53:25.558 INFO [Thread-2] org.apache.coyote.AbstractProtocol.pause Pausing ProtocolHandler ["http-nio-8080"]
17-Dec-2024 23:53:25.801 INFO [Thread-2] org.apache.catalina.core.StandardService.stopInternal Stopping service [Catalina]
17-Dec-2024 23:53:25.807 INFO [Thread-2] org.apache.coyote.AbstractProtocol.stop Stopping ProtocolHandler ["http-nio-8080"]
17-Dec-2024 23:53:25.818 INFO [Thread-2] org.apache.coyote.AbstractProtocol.destroy Destroying ProtocolHandler ["http-nio-8080"]
